<?xml version="1.0" encoding="UTF-8"?>
<!-- Generated by org.testng.reporters.JUnitReportReporter -->
<testsuite hostname="Jahiduls-MBP-2.lan" failures="0" tests="3" name="com.herokuapp.theinternet.uploadtests.UploadTests" time="31.173" errors="0" timestamp="17 Dec 2022 21:41:39 GMT" skipped="0">
  <testcase classname="com.herokuapp.theinternet.uploadtests.UploadTests" name="fileUploadTest" time="10.690"/>
  <testcase classname="com.herokuapp.theinternet.uploadtests.UploadTests" name="fileUploadTest" time="10.644"/>
  <testcase classname="com.herokuapp.theinternet.uploadtests.UploadTests" name="fileUploadTest" time="9.839"/>
</testsuite> <!-- com.herokuapp.theinternet.uploadtests.UploadTests -->
